
<!DOCTYPE html>
<html>
<head>
    <title>Runix Test Report</title>
    <style>
        body { font-family: Arial, sans-serif; margin: 20px; }
        .header { background: #f5f5f5; padding: 20px; border-radius: 5px; margin-bottom: 20px; }
        .summary { display: flex; gap: 20px; margin-bottom: 20px; }
        .summary-card { background: white; border: 1px solid #ddd; padding: 15px; border-radius: 5px; text-align: center; min-width: 120px; }
        .passed { background-color: #d4edda; border-color: #c3e6cb; }
        .failed { background-color: #f8d7da; border-color: #f5c6cb; }
        .step { padding: 10px; margin: 5px 0; border-radius: 3px; }
        .step.success { background-color: #d4edda; }
        .step.failure { background-color: #f8d7da; }
        .step-details { font-size: 0.9em; color: #666; margin-top: 5px; }
        .error { color: #721c24; font-family: monospace; }
        .duration { color: #6c757d; font-size: 0.8em; }
    </style>
</head>
<body>
    <div class="header">
        <h1>Runix Test Report</h1>
        <p>Generated: 2025-06-11T11:31:41.925Z</p>
        <p>Duration: 65680ms</p>
    </div>
    
    <div class="summary">
        <div class="summary-card">
            <h3>150</h3>
            <p>Total Steps</p>
        </div>
        <div class="summary-card passed">
            <h3>114</h3>
            <p>Passed</p>
        </div>
        <div class="summary-card failed">
            <h3>36</h3>
            <p>Failed</p>
        </div>
        <div class="summary-card">
            <h3>76%</h3>
            <p>Success Rate</p>
        </div>
    </div>
    
    <h2>Step Results</h2>
    
        <div class="step success">
            <strong>Step 1: I open "file:///c:/_Runix/tests/fixtures/comprehensive-test-page.html"</strong>
            <div class="step-details">
                <span class="duration">62ms</span>
                ✅ PASSED
                <br>Data: {"url":"file:///c:/_Runix/tests/fixtures/comprehensive-test-page.html"}
                
            </div>
        </div>
    
        <div class="step success">
            <strong>Step 2: the page title should contain "Comprehensive Web Driver Test Page"</strong>
            <div class="step-details">
                <span class="duration">6ms</span>
                ✅ PASSED
                <br>Data: {"matches":true,"expected":"Comprehensive Web Driver Test Page","actual":"Comprehensive Web Driver Test Page"}
                
            </div>
        </div>
    
        <div class="step success">
            <strong>Step 3: the current URL should contain "comprehensive-test-page.html"</strong>
            <div class="step-details">
                <span class="duration">3ms</span>
                ✅ PASSED
                <br>Data: {"matches":true,"expected":"comprehensive-test-page.html","actual":"file:///C:/_Runix/tests/fixtures/comprehensive-test-page.html"}
                
            </div>
        </div>
    
        <div class="step success">
            <strong>Step 4: I go back</strong>
            <div class="step-details">
                <span class="duration">16ms</span>
                ✅ PASSED
                <br>Data: {"action":"goBack"}
                
            </div>
        </div>
    
        <div class="step success">
            <strong>Step 5: I go forward</strong>
            <div class="step-details">
                <span class="duration">28ms</span>
                ✅ PASSED
                <br>Data: {"action":"goForward"}
                
            </div>
        </div>
    
        <div class="step success">
            <strong>Step 6: I reload the page</strong>
            <div class="step-details">
                <span class="duration">23ms</span>
                ✅ PASSED
                <br>Data: {"action":"reload"}
                
            </div>
        </div>
    
        <div class="step success">
            <strong>Step 7: the page should be loaded</strong>
            <div class="step-details">
                <span class="duration">6ms</span>
                ✅ PASSED
                <br>Data: {"pageLoaded":true}
                
            </div>
        </div>
    
        <div class="step success">
            <strong>Step 8: I open "file:///c:/_Runix/tests/fixtures/comprehensive-test-page.html"</strong>
            <div class="step-details">
                <span class="duration">22ms</span>
                ✅ PASSED
                <br>Data: {"url":"file:///c:/_Runix/tests/fixtures/comprehensive-test-page.html"}
                
            </div>
        </div>
    
        <div class="step success">
            <strong>Step 9: I click on "#click-test"</strong>
            <div class="step-details">
                <span class="duration">56ms</span>
                ✅ PASSED
                <br>Data: {"clicked":"#click-test"}
                
            </div>
        </div>
    
        <div class="step success">
            <strong>Step 10: I should see "Single click detected!"</strong>
            <div class="step-details">
                <span class="duration">5ms</span>
                ✅ PASSED
                <br>Data: {"matches":true,"expected":"Single click detected!","actual":"Page content","selector":"page"}
                
            </div>
        </div>
    
        <div class="step success">
            <strong>Step 11: I double click on "#double-click-test"</strong>
            <div class="step-details">
                <span class="duration">20ms</span>
                ✅ PASSED
                <br>Data: {"doubleClicked":"#double-click-test"}
                
            </div>
        </div>
    
        <div class="step success">
            <strong>Step 12: I should see "Double click detected!"</strong>
            <div class="step-details">
                <span class="duration">4ms</span>
                ✅ PASSED
                <br>Data: {"matches":true,"expected":"Double click detected!","actual":"Page content","selector":"page"}
                
            </div>
        </div>
    
        <div class="step success">
            <strong>Step 13: I right click on "#right-click-test"</strong>
            <div class="step-details">
                <span class="duration">15ms</span>
                ✅ PASSED
                <br>Data: {"rightClicked":"#right-click-test"}
                
            </div>
        </div>
    
        <div class="step success">
            <strong>Step 14: I should see "Right click detected!"</strong>
            <div class="step-details">
                <span class="duration">3ms</span>
                ✅ PASSED
                <br>Data: {"matches":true,"expected":"Right click detected!","actual":"Page content","selector":"page"}
                
            </div>
        </div>
    
        <div class="step success">
            <strong>Step 15: I hover over "#hover-test"</strong>
            <div class="step-details">
                <span class="duration">17ms</span>
                ✅ PASSED
                <br>Data: {"hovered":"#hover-test"}
                
            </div>
        </div>
    
        <div class="step success">
            <strong>Step 16: I should see "Hover detected!"</strong>
            <div class="step-details">
                <span class="duration">3ms</span>
                ✅ PASSED
                <br>Data: {"matches":true,"expected":"Hover detected!","actual":"Page content","selector":"page"}
                
            </div>
        </div>
    
        <div class="step success">
            <strong>Step 17: I focus on "#focus-test"</strong>
            <div class="step-details">
                <span class="duration">10ms</span>
                ✅ PASSED
                <br>Data: {"focused":"#focus-test"}
                
            </div>
        </div>
    
        <div class="step success">
            <strong>Step 18: I blur from "#focus-test"</strong>
            <div class="step-details">
                <span class="duration">7ms</span>
                ✅ PASSED
                <br>Data: {"blurred":"#focus-test"}
                
            </div>
        </div>
    
        <div class="step failure">
            <strong>Step 19: all interactions should complete successfully</strong>
            <div class="step-details">
                <span class="duration">0ms</span>
                ❌ FAILED
                
                <br><span class="error">Error: all interactions should complete successfully - Action failed: page.evaluate: SyntaxError: Illegal return statement
    at eval (<anonymous>)
    at UtilityScript.evaluate (<anonymous>:313:29)
    at UtilityScript.<anonymous> (<anonymous>:1:44)</span>
            </div>
        </div>
    
        <div class="step success">
            <strong>Step 20: I open "file:///c:/_Runix/tests/fixtures/comprehensive-test-page.html"</strong>
            <div class="step-details">
                <span class="duration">24ms</span>
                ✅ PASSED
                <br>Data: {"url":"file:///c:/_Runix/tests/fixtures/comprehensive-test-page.html"}
                
            </div>
        </div>
    
        <div class="step success">
            <strong>Step 21: I type "John Doe" into "#customer-name"</strong>
            <div class="step-details">
                <span class="duration">19ms</span>
                ✅ PASSED
                <br>Data: {"typed":"John Doe","selector":"#customer-name"}
                
            </div>
        </div>
    
        <div class="step success">
            <strong>Step 22: I clear the field "#customer-name"</strong>
            <div class="step-details">
                <span class="duration">14ms</span>
                ✅ PASSED
                <br>Data: {"cleared":"#customer-name"}
                
            </div>
        </div>
    
        <div class="step success">
            <strong>Step 23: I type "Jane Smith" into "#customer-name"</strong>
            <div class="step-details">
                <span class="duration">8ms</span>
                ✅ PASSED
                <br>Data: {"typed":"Jane Smith","selector":"#customer-name"}
                
            </div>
        </div>
    
        <div class="step success">
            <strong>Step 24: I type "jane@example.com" into "#customer-email"</strong>
            <div class="step-details">
                <span class="duration">12ms</span>
                ✅ PASSED
                <br>Data: {"typed":"jane@example.com","selector":"#customer-email"}
                
            </div>
        </div>
    
        <div class="step success">
            <strong>Step 25: I type "555-0123" into "#customer-phone"</strong>
            <div class="step-details">
                <span class="duration">10ms</span>
                ✅ PASSED
                <br>Data: {"typed":"555-0123","selector":"#customer-phone"}
                
            </div>
        </div>
    
        <div class="step success">
            <strong>Step 26: I select "medium" from "#size-select"</strong>
            <div class="step-details">
                <span class="duration">9ms</span>
                ✅ PASSED
                <br>Data: {"selected":"medium","selector":"#size-select"}
                
            </div>
        </div>
    
        <div class="step success">
            <strong>Step 27: I check the checkbox "#topping-bacon"</strong>
            <div class="step-details">
                <span class="duration">24ms</span>
                ✅ PASSED
                <br>Data: {"checked":"#topping-bacon"}
                
            </div>
        </div>
    
        <div class="step success">
            <strong>Step 28: I uncheck the checkbox "#topping-bacon"</strong>
            <div class="step-details">
                <span class="duration">21ms</span>
                ✅ PASSED
                <br>Data: {"unchecked":"#topping-bacon"}
                
            </div>
        </div>
    
        <div class="step success">
            <strong>Step 29: I check the checkbox "#topping-cheese"</strong>
            <div class="step-details">
                <span class="duration">17ms</span>
                ✅ PASSED
                <br>Data: {"checked":"#topping-cheese"}
                
            </div>
        </div>
    
        <div class="step success">
            <strong>Step 30: I type "Test comments here" into "#comments"</strong>
            <div class="step-details">
                <span class="duration">10ms</span>
                ✅ PASSED
                <br>Data: {"typed":"Test comments here","selector":"#comments"}
                
            </div>
        </div>
    
        <div class="step failure">
            <strong>Step 31: the form should have the correct values</strong>
            <div class="step-details">
                <span class="duration">0ms</span>
                ❌ FAILED
                
                <br><span class="error">Error: the form should have the correct values - Action failed: page.evaluate: SyntaxError: Illegal return statement
    at eval (<anonymous>)
    at UtilityScript.evaluate (<anonymous>:313:29)
    at UtilityScript.<anonymous> (<anonymous>:1:44)</span>
            </div>
        </div>
    
        <div class="step success">
            <strong>Step 32: I open "file:///c:/_Runix/tests/fixtures/comprehensive-test-page.html"</strong>
            <div class="step-details">
                <span class="duration">24ms</span>
                ✅ PASSED
                <br>Data: {"url":"file:///c:/_Runix/tests/fixtures/comprehensive-test-page.html"}
                
            </div>
        </div>
    
        <div class="step success">
            <strong>Step 33: I should get text from "#main-heading"</strong>
            <div class="step-details">
                <span class="duration">12ms</span>
                ✅ PASSED
                <br>Data: {"text":"Comprehensive Web Driver Test Page"}
                
            </div>
        </div>
    
        <div class="step success">
            <strong>Step 34: I should get inner text from "#main-heading"</strong>
            <div class="step-details">
                <span class="duration">4ms</span>
                ✅ PASSED
                <br>Data: {"innerText":"Comprehensive Web Driver Test Page"}
                
            </div>
        </div>
    
        <div class="step success">
            <strong>Step 35: I should get inner HTML from "#page-description"</strong>
            <div class="step-details">
                <span class="duration">6ms</span>
                ✅ PASSED
                <br>Data: {"innerHTML":"This page contains all elements needed to test every web driver functionality."}
                
            </div>
        </div>
    
        <div class="step success">
            <strong>Step 36: I should get attribute "action" from "#test-form"</strong>
            <div class="step-details">
                <span class="duration">4ms</span>
                ✅ PASSED
                <br>Data: {"attribute":"#test-form","value":"#","selector":"action"}
                
            </div>
        </div>
    
        <div class="step failure">
            <strong>Step 37: I should get property "tagName" from "#test-form"</strong>
            <div class="step-details">
                <span class="duration">0ms</span>
                ❌ FAILED
                
                <br><span class="error">Error: I should get property "tagName" from "#test-form" - Action failed: Too many arguments. If you need to pass more than 1 argument to the function wrap them in an object.</span>
            </div>
        </div>
    
        <div class="step success">
            <strong>Step 38: I should get value from "#customer-name"</strong>
            <div class="step-details">
                <span class="duration">6ms</span>
                ✅ PASSED
                <br>Data: {"value":"","selector":"#customer-name"}
                
            </div>
        </div>
    
        <div class="step failure">
            <strong>Step 39: I should get CSS property "color" from "#red-text"</strong>
            <div class="step-details">
                <span class="duration">0ms</span>
                ❌ FAILED
                
                <br><span class="error">Error: I should get CSS property "color" from "#red-text" - Action failed: Too many arguments. If you need to pass more than 1 argument to the function wrap them in an object.</span>
            </div>
        </div>
    
        <div class="step success">
            <strong>Step 40: I open "file:///c:/_Runix/tests/fixtures/comprehensive-test-page.html"</strong>
            <div class="step-details">
                <span class="duration">26ms</span>
                ✅ PASSED
                <br>Data: {"url":"file:///c:/_Runix/tests/fixtures/comprehensive-test-page.html"}
                
            </div>
        </div>
    
        <div class="step success">
            <strong>Step 41: element "#main-heading" should be visible</strong>
            <div class="step-details">
                <span class="duration">10ms</span>
                ✅ PASSED
                <br>Data: {"visible":true,"selector":"#main-heading"}
                
            </div>
        </div>
    
        <div class="step success">
            <strong>Step 42: element "#hidden-element" should be hidden</strong>
            <div class="step-details">
                <span class="duration">6ms</span>
                ✅ PASSED
                <br>Data: {"hidden":true,"selector":"#hidden-element"}
                
            </div>
        </div>
    
        <div class="step success">
            <strong>Step 43: element "#enabled-input" should be enabled</strong>
            <div class="step-details">
                <span class="duration">5ms</span>
                ✅ PASSED
                <br>Data: {"enabled":true,"selector":"#enabled-input"}
                
            </div>
        </div>
    
        <div class="step success">
            <strong>Step 44: element "#disabled-input" should be disabled</strong>
            <div class="step-details">
                <span class="duration">6ms</span>
                ✅ PASSED
                <br>Data: {"disabled":true,"selector":"#disabled-input"}
                
            </div>
        </div>
    
        <div class="step success">
            <strong>Step 45: element "#editable-field" should be editable</strong>
            <div class="step-details">
                <span class="duration">4ms</span>
                ✅ PASSED
                <br>Data: {"editable":true,"selector":"#editable-field"}
                
            </div>
        </div>
    
        <div class="step success">
            <strong>Step 46: element "#checked-checkbox" should be checked</strong>
            <div class="step-details">
                <span class="duration">4ms</span>
                ✅ PASSED
                <br>Data: {"checked":true,"selector":"#checked-checkbox"}
                
            </div>
        </div>
    
        <div class="step success">
            <strong>Step 47: element "#unchecked-checkbox" should not be checked</strong>
            <div class="step-details">
                <span class="duration">4ms</span>
                ✅ PASSED
                <br>Data: {"notChecked":true,"selector":"#unchecked-checkbox"}
                
            </div>
        </div>
    
        <div class="step success">
            <strong>Step 48: I open "file:///c:/_Runix/tests/fixtures/comprehensive-test-page.html"</strong>
            <div class="step-details">
                <span class="duration">28ms</span>
                ✅ PASSED
                <br>Data: {"url":"file:///c:/_Runix/tests/fixtures/comprehensive-test-page.html"}
                
            </div>
        </div>
    
        <div class="step success">
            <strong>Step 49: I click on "#load-delayed-content"</strong>
            <div class="step-details">
                <span class="duration">26ms</span>
                ✅ PASSED
                <br>Data: {"clicked":"#load-delayed-content"}
                
            </div>
        </div>
    
        <div class="step success">
            <strong>Step 50: I wait for element "#delayed-content" to be visible within 5000ms</strong>
            <div class="step-details">
                <span class="duration">2363ms</span>
                ✅ PASSED
                <br>Data: {"waitedForVisible":"#delayed-content"}
                
            </div>
        </div>
    
        <div class="step failure">
            <strong>Step 51: I wait for element "#delayed-content" to contain text "delay" within 5000ms</strong>
            <div class="step-details">
                <span class="duration">0ms</span>
                ❌ FAILED
                
                <br><span class="error">Error: I wait for element "#delayed-content" to contain text "delay" within 5000ms - Action failed: page.waitForFunction: Passed function is not well-serializable!</span>
            </div>
        </div>
    
        <div class="step failure">
            <strong>Step 52: I wait for URL to contain "comprehensive-test-page" within 1000ms</strong>
            <div class="step-details">
                <span class="duration">0ms</span>
                ❌ FAILED
                
                <br><span class="error">Error: I wait for URL to contain "comprehensive-test-page" within 1000ms - Action failed: page.waitForURL: Timeout 1000ms exceeded.
=========================== logs ===========================
waiting for navigation to "comprehensive-test-page" until "load"
============================================================</span>
            </div>
        </div>
    
        <div class="step success">
            <strong>Step 53: I wait for page to be loaded</strong>
            <div class="step-details">
                <span class="duration">2ms</span>
                ✅ PASSED
                <br>Data: {}
                
            </div>
        </div>
    
        <div class="step success">
            <strong>Step 54: all wait operations should succeed</strong>
            <div class="step-details">
                <span class="duration">2ms</span>
                ✅ PASSED
                <br>Data: {"waitOperationsEnabled":true}
                
            </div>
        </div>
    
        <div class="step success">
            <strong>Step 55: I open "file:///c:/_Runix/tests/fixtures/comprehensive-test-page.html"</strong>
            <div class="step-details">
                <span class="duration">28ms</span>
                ✅ PASSED
                <br>Data: {"url":"file:///c:/_Runix/tests/fixtures/comprehensive-test-page.html"}
                
            </div>
        </div>
    
        <div class="step success">
            <strong>Step 56: I take a screenshot named "full-page-test"</strong>
            <div class="step-details">
                <span class="duration">85ms</span>
                ✅ PASSED
                <br>Data: {"screenshot":"screenshots\\screenshot_1749641520029.png"}
                
            </div>
        </div>
    
        <div class="step success">
            <strong>Step 57: I take a screenshot of element "#main-heading"</strong>
            <div class="step-details">
                <span class="duration">61ms</span>
                ✅ PASSED
                <br>Data: {"screenshot":"screenshots\\element_screenshot_1749641520117.png"}
                
            </div>
        </div>
    
        <div class="step success">
            <strong>Step 58: screenshots should be saved successfully</strong>
            <div class="step-details">
                <span class="duration">2ms</span>
                ✅ PASSED
                <br>Data: {"screenshotsEnabled":true}
                
            </div>
        </div>
    
        <div class="step success">
            <strong>Step 59: I open "file:///c:/_Runix/tests/fixtures/comprehensive-test-page.html"</strong>
            <div class="step-details">
                <span class="duration">25ms</span>
                ✅ PASSED
                <br>Data: {"url":"file:///c:/_Runix/tests/fixtures/comprehensive-test-page.html"}
                
            </div>
        </div>
    
        <div class="step success">
            <strong>Step 60: I execute JavaScript "document.title"</strong>
            <div class="step-details">
                <span class="duration">4ms</span>
                ✅ PASSED
                <br>Data: {"result":"Comprehensive Web Driver Test Page","script":"document.title"}
                
            </div>
        </div>
    
        <div class="step success">
            <strong>Step 61: I execute JavaScript "document.querySelector('#main-heading').textContent"</strong>
            <div class="step-details">
                <span class="duration">4ms</span>
                ✅ PASSED
                <br>Data: {"result":"Comprehensive Web Driver Test Page","script":"document.querySelector('#main-heading').textContent"}
                
            </div>
        </div>
    
        <div class="step success">
            <strong>Step 62: I execute JavaScript "window.location.href"</strong>
            <div class="step-details">
                <span class="duration">5ms</span>
                ✅ PASSED
                <br>Data: {"result":"file:///C:/_Runix/tests/fixtures/comprehensive-test-page.html","script":"window.location.href"}
                
            </div>
        </div>
    
        <div class="step success">
            <strong>Step 63: I click on "#js-test"</strong>
            <div class="step-details">
                <span class="duration">21ms</span>
                ✅ PASSED
                <br>Data: {"clicked":"#js-test"}
                
            </div>
        </div>
    
        <div class="step success">
            <strong>Step 64: JavaScript execution should return correct values</strong>
            <div class="step-details">
                <span class="duration">3ms</span>
                ✅ PASSED
                <br>Data: {"jsExecutionWorks":true}
                
            </div>
        </div>
    
        <div class="step success">
            <strong>Step 65: I open "file:///c:/_Runix/tests/fixtures/comprehensive-test-page.html"</strong>
            <div class="step-details">
                <span class="duration">24ms</span>
                ✅ PASSED
                <br>Data: {"url":"file:///c:/_Runix/tests/fixtures/comprehensive-test-page.html"}
                
            </div>
        </div>
    
        <div class="step success">
            <strong>Step 66: I switch to frame "#test-frame"</strong>
            <div class="step-details">
                <span class="duration">13ms</span>
                ✅ PASSED
                <br>Data: {"switchedToFrame":"#test-frame"}
                
            </div>
        </div>
    
        <div class="step success">
            <strong>Step 67: I type "Frame input test" into "#frame-input"</strong>
            <div class="step-details">
                <span class="duration">18ms</span>
                ✅ PASSED
                <br>Data: {"typed":"Frame input test","selector":"#frame-input"}
                
            </div>
        </div>
    
        <div class="step success">
            <strong>Step 68: I click on "#frame-button"</strong>
            <div class="step-details">
                <span class="duration">29ms</span>
                ✅ PASSED
                <br>Data: {"clicked":"#frame-button"}
                
            </div>
        </div>
    
        <div class="step success">
            <strong>Step 69: I switch to main frame</strong>
            <div class="step-details">
                <span class="duration">3ms</span>
                ✅ PASSED
                <br>Data: {"switchedToMainFrame":true}
                
            </div>
        </div>
    
        <div class="step success">
            <strong>Step 70: frame operations should work correctly</strong>
            <div class="step-details">
                <span class="duration">4ms</span>
                ✅ PASSED
                <br>Data: {"frameOperationsWork":true}
                
            </div>
        </div>
    
        <div class="step success">
            <strong>Step 71: I open "file:///c:/_Runix/tests/fixtures/comprehensive-test-page.html"</strong>
            <div class="step-details">
                <span class="duration">27ms</span>
                ✅ PASSED
                <br>Data: {"url":"file:///c:/_Runix/tests/fixtures/comprehensive-test-page.html"}
                
            </div>
        </div>
    
        <div class="step failure">
            <strong>Step 72: I query element in shadow DOM with host "#shadow-host" and selector "#shadow-button"</strong>
            <div class="step-details">
                <span class="duration">0ms</span>
                ❌ FAILED
                
                <br><span class="error">Error: I query element in shadow DOM with host "#shadow-host" and selector "#shadow-button" - Action failed: page.evaluate: Passed function is not well-serializable!</span>
            </div>
        </div>
    
        <div class="step failure">
            <strong>Step 73: I click element in shadow DOM with host "#shadow-host" and selector "#shadow-button"</strong>
            <div class="step-details">
                <span class="duration">0ms</span>
                ❌ FAILED
                
                <br><span class="error">Error: I click element in shadow DOM with host "#shadow-host" and selector "#shadow-button" - Action failed: page.evaluate: Passed function is not well-serializable!</span>
            </div>
        </div>
    
        <div class="step failure">
            <strong>Step 74: I type "shadow test" in shadow DOM element with host "#shadow-host" and selector "#shadow-input"</strong>
            <div class="step-details">
                <span class="duration">0ms</span>
                ❌ FAILED
                
                <br><span class="error">Error: I type "shadow test" in shadow DOM element with host "#shadow-host" and selector "#shadow-input" - Action failed: page.evaluate: Passed function is not well-serializable!</span>
            </div>
        </div>
    
        <div class="step failure">
            <strong>Step 75: shadow DOM operations should work correctly</strong>
            <div class="step-details">
                <span class="duration">0ms</span>
                ❌ FAILED
                
                <br><span class="error">Error: shadow DOM operations should work correctly - Action failed: page.evaluate: SyntaxError: Illegal return statement
    at eval (<anonymous>)
    at UtilityScript.evaluate (<anonymous>:313:29)
    at UtilityScript.<anonymous> (<anonymous>:1:44)</span>
            </div>
        </div>
    
        <div class="step success">
            <strong>Step 76: I open "file:///c:/_Runix/tests/fixtures/comprehensive-test-page.html"</strong>
            <div class="step-details">
                <span class="duration">25ms</span>
                ✅ PASSED
                <br>Data: {"url":"file:///c:/_Runix/tests/fixtures/comprehensive-test-page.html"}
                
            </div>
        </div>
    
        <div class="step success">
            <strong>Step 77: I set viewport size to 1200x800</strong>
            <div class="step-details">
                <span class="duration">19ms</span>
                ✅ PASSED
                <br>Data: {"viewportSize":{"width":1200,"height":800}}
                
            </div>
        </div>
    
        <div class="step success">
            <strong>Step 78: I get viewport size</strong>
            <div class="step-details">
                <span class="duration">3ms</span>
                ✅ PASSED
                <br>Data: {"viewportSize":{"width":1200,"height":800}}
                
            </div>
        </div>
    
        <div class="step success">
            <strong>Step 79: I maximize window</strong>
            <div class="step-details">
                <span class="duration">21ms</span>
                ✅ PASSED
                <br>Data: {"maximized":true}
                
            </div>
        </div>
    
        <div class="step success">
            <strong>Step 80: window operations should work correctly</strong>
            <div class="step-details">
                <span class="duration">6ms</span>
                ✅ PASSED
                <br>Data: {"windowOperationsWork":true}
                
            </div>
        </div>
    
        <div class="step success">
            <strong>Step 81: I open "file:///c:/_Runix/tests/fixtures/comprehensive-test-page.html"</strong>
            <div class="step-details">
                <span class="duration">31ms</span>
                ✅ PASSED
                <br>Data: {"url":"file:///c:/_Runix/tests/fixtures/comprehensive-test-page.html"}
                
            </div>
        </div>
    
        <div class="step failure">
            <strong>Step 82: I add cookie with name "test" and value "value123"</strong>
            <div class="step-details">
                <span class="duration">0ms</span>
                ❌ FAILED
                
                <br><span class="error">Error: I add cookie with name "test" and value "value123" - Action failed: browserContext.addCookies: Protocol error (Storage.setCookies): Invalid cookie fields</span>
            </div>
        </div>
    
        <div class="step success">
            <strong>Step 83: I get all cookies</strong>
            <div class="step-details">
                <span class="duration">4ms</span>
                ✅ PASSED
                <br>Data: {"cookies":[]}
                
            </div>
        </div>
    
        <div class="step success">
            <strong>Step 84: I delete cookie "test"</strong>
            <div class="step-details">
                <span class="duration">5ms</span>
                ✅ PASSED
                <br>Data: {"deletedCookie":"test"}
                
            </div>
        </div>
    
        <div class="step success">
            <strong>Step 85: I delete all cookies</strong>
            <div class="step-details">
                <span class="duration">4ms</span>
                ✅ PASSED
                <br>Data: {"deletedAllCookies":true}
                
            </div>
        </div>
    
        <div class="step success">
            <strong>Step 86: cookie operations should work correctly</strong>
            <div class="step-details">
                <span class="duration">3ms</span>
                ✅ PASSED
                <br>Data: {"cookieOperationsEnabled":true}
                
            </div>
        </div>
    
        <div class="step success">
            <strong>Step 87: I open "file:///c:/_Runix/tests/fixtures/comprehensive-test-page.html"</strong>
            <div class="step-details">
                <span class="duration">28ms</span>
                ✅ PASSED
                <br>Data: {"url":"file:///c:/_Runix/tests/fixtures/comprehensive-test-page.html"}
                
            </div>
        </div>
    
        <div class="step failure">
            <strong>Step 88: I set local storage "newTestKey" to "newTestValue"</strong>
            <div class="step-details">
                <span class="duration">0ms</span>
                ❌ FAILED
                
                <br><span class="error">Error: I set local storage "newTestKey" to "newTestValue" - Action failed: page.evaluate: Passed function is not well-serializable!</span>
            </div>
        </div>
    
        <div class="step failure">
            <strong>Step 89: I get local storage "newTestKey"</strong>
            <div class="step-details">
                <span class="duration">0ms</span>
                ❌ FAILED
                
                <br><span class="error">Error: I get local storage "newTestKey" - Action failed: page.evaluate: Passed function is not well-serializable!</span>
            </div>
        </div>
    
        <div class="step failure">
            <strong>Step 90: I get local storage "testKey"</strong>
            <div class="step-details">
                <span class="duration">0ms</span>
                ❌ FAILED
                
                <br><span class="error">Error: I get local storage "testKey" - Action failed: page.evaluate: Passed function is not well-serializable!</span>
            </div>
        </div>
    
        <div class="step failure">
            <strong>Step 91: I remove local storage "newTestKey"</strong>
            <div class="step-details">
                <span class="duration">0ms</span>
                ❌ FAILED
                
                <br><span class="error">Error: I remove local storage "newTestKey" - Action failed: page.evaluate: Passed function is not well-serializable!</span>
            </div>
        </div>
    
        <div class="step failure">
            <strong>Step 92: I set session storage "newSessionKey" to "newSessionValue"</strong>
            <div class="step-details">
                <span class="duration">0ms</span>
                ❌ FAILED
                
                <br><span class="error">Error: I set session storage "newSessionKey" to "newSessionValue" - Action failed: page.evaluate: Passed function is not well-serializable!</span>
            </div>
        </div>
    
        <div class="step failure">
            <strong>Step 93: I get session storage "newSessionKey"</strong>
            <div class="step-details">
                <span class="duration">0ms</span>
                ❌ FAILED
                
                <br><span class="error">Error: I get session storage "newSessionKey" - Action failed: page.evaluate: Passed function is not well-serializable!</span>
            </div>
        </div>
    
        <div class="step failure">
            <strong>Step 94: I get session storage "sessionKey"</strong>
            <div class="step-details">
                <span class="duration">0ms</span>
                ❌ FAILED
                
                <br><span class="error">Error: I get session storage "sessionKey" - Action failed: page.evaluate: Passed function is not well-serializable!</span>
            </div>
        </div>
    
        <div class="step failure">
            <strong>Step 95: storage operations should work correctly</strong>
            <div class="step-details">
                <span class="duration">0ms</span>
                ❌ FAILED
                
                <br><span class="error">Error: storage operations should work correctly - Action failed: page.evaluate: SyntaxError: Illegal return statement
    at eval (<anonymous>)
    at UtilityScript.evaluate (<anonymous>:313:29)
    at UtilityScript.<anonymous> (<anonymous>:1:44)</span>
            </div>
        </div>
    
        <div class="step success">
            <strong>Step 96: I open "file:///c:/_Runix/tests/fixtures/comprehensive-test-page.html"</strong>
            <div class="step-details">
                <span class="duration">23ms</span>
                ✅ PASSED
                <br>Data: {"url":"file:///c:/_Runix/tests/fixtures/comprehensive-test-page.html"}
                
            </div>
        </div>
    
        <div class="step success">
            <strong>Step 97: I drag element "#draggable" to "#dropzone"</strong>
            <div class="step-details">
                <span class="duration">50ms</span>
                ✅ PASSED
                <br>Data: {"draggedFrom":"#draggable","droppedTo":"#dropzone"}
                
            </div>
        </div>
    
        <div class="step failure">
            <strong>Step 98: drag and drop should work correctly</strong>
            <div class="step-details">
                <span class="duration">0ms</span>
                ❌ FAILED
                
                <br><span class="error">Error: drag and drop should work correctly - Action failed: page.evaluate: SyntaxError: Illegal return statement
    at eval (<anonymous>)
    at UtilityScript.evaluate (<anonymous>:313:29)
    at UtilityScript.<anonymous> (<anonymous>:1:44)</span>
            </div>
        </div>
    
        <div class="step success">
            <strong>Step 99: I open "file:///c:/_Runix/tests/fixtures/comprehensive-test-page.html"</strong>
            <div class="step-details">
                <span class="duration">23ms</span>
                ✅ PASSED
                <br>Data: {"url":"file:///c:/_Runix/tests/fixtures/comprehensive-test-page.html"}
                
            </div>
        </div>
    
        <div class="step failure">
            <strong>Step 100: I tap on element "#main-heading"</strong>
            <div class="step-details">
                <span class="duration">0ms</span>
                ❌ FAILED
                
                <br><span class="error">Error: I tap on element "#main-heading" - Action failed: page.tap: The page does not support tap. Use hasTouch context option to enable touch support.</span>
            </div>
        </div>
    
        <div class="step failure">
            <strong>Step 101: I swipe from coordinates (100,100) to (300,300)</strong>
            <div class="step-details">
                <span class="duration">0ms</span>
                ❌ FAILED
                
                <br><span class="error">Error: I swipe from coordinates (100,100) to (300,300) - Action failed: touchscreen.tap: x: expected number, got string</span>
            </div>
        </div>
    
        <div class="step success">
            <strong>Step 102: touch gestures should work correctly</strong>
            <div class="step-details">
                <span class="duration">3ms</span>
                ✅ PASSED
                <br>Data: {"touchGesturesEnabled":false,"reason":"Desktop mode"}
                
            </div>
        </div>
    
        <div class="step success">
            <strong>Step 103: I open "file:///c:/_Runix/tests/fixtures/comprehensive-test-page.html"</strong>
            <div class="step-details">
                <span class="duration">23ms</span>
                ✅ PASSED
                <br>Data: {"url":"file:///c:/_Runix/tests/fixtures/comprehensive-test-page.html"}
                
            </div>
        </div>
    
        <div class="step success">
            <strong>Step 104: I click on "#alert-btn"</strong>
            <div class="step-details">
                <span class="duration">32ms</span>
                ✅ PASSED
                <br>Data: {"clicked":"#alert-btn"}
                
            </div>
        </div>
    
        <div class="step failure">
            <strong>Step 105: I get alert text</strong>
            <div class="step-details">
                <span class="duration">0ms</span>
                ❌ FAILED
                
                <br><span class="error">Error: I get alert text - Action failed: No alert dialog found to get text from</span>
            </div>
        </div>
    
        <div class="step failure">
            <strong>Step 106: I accept alert</strong>
            <div class="step-details">
                <span class="duration">0ms</span>
                ❌ FAILED
                
                <br><span class="error">Error: I accept alert - Action failed: No alert dialog found to accept</span>
            </div>
        </div>
    
        <div class="step success">
            <strong>Step 107: I click on "#confirm-btn"</strong>
            <div class="step-details">
                <span class="duration">32ms</span>
                ✅ PASSED
                <br>Data: {"clicked":"#confirm-btn"}
                
            </div>
        </div>
    
        <div class="step failure">
            <strong>Step 108: I dismiss alert</strong>
            <div class="step-details">
                <span class="duration">0ms</span>
                ❌ FAILED
                
                <br><span class="error">Error: I dismiss alert - Action failed: No alert dialog found to dismiss</span>
            </div>
        </div>
    
        <div class="step failure">
            <strong>Step 109: alert handling should work correctly</strong>
            <div class="step-details">
                <span class="duration">0ms</span>
                ❌ FAILED
                
                <br><span class="error">Error: alert handling should work correctly - Unknown action: verifyAlertHandling</span>
            </div>
        </div>
    
        <div class="step success">
            <strong>Step 110: I open "file:///c:/_Runix/tests/fixtures/comprehensive-test-page.html"</strong>
            <div class="step-details">
                <span class="duration">29ms</span>
                ✅ PASSED
                <br>Data: {"url":"file:///c:/_Runix/tests/fixtures/comprehensive-test-page.html"}
                
            </div>
        </div>
    
        <div class="step failure">
            <strong>Step 111: I upload file "test-file.txt" to "#file-upload"</strong>
            <div class="step-details">
                <span class="duration">0ms</span>
                ❌ FAILED
                
                <br><span class="error">Error: I upload file "test-file.txt" to "#file-upload" - Action failed: ENOENT: no such file or directory, stat 'C:\_Runix\test-file.txt'</span>
            </div>
        </div>
    
        <div class="step failure">
            <strong>Step 112: file upload should work correctly</strong>
            <div class="step-details">
                <span class="duration">0ms</span>
                ❌ FAILED
                
                <br><span class="error">Error: file upload should work correctly - Unknown action: verifyFileUpload</span>
            </div>
        </div>
    
        <div class="step success">
            <strong>Step 113: I open "file:///c:/_Runix/tests/fixtures/comprehensive-test-page.html"</strong>
            <div class="step-details">
                <span class="duration">26ms</span>
                ✅ PASSED
                <br>Data: {"url":"file:///c:/_Runix/tests/fixtures/comprehensive-test-page.html"}
                
            </div>
        </div>
    
        <div class="step success">
            <strong>Step 114: I focus on "#customer-name"</strong>
            <div class="step-details">
                <span class="duration">17ms</span>
                ✅ PASSED
                <br>Data: {"focused":"#customer-name"}
                
            </div>
        </div>
    
        <div class="step success">
            <strong>Step 115: I press key "Tab"</strong>
            <div class="step-details">
                <span class="duration">5ms</span>
                ✅ PASSED
                <br>Data: {"pressedKey":"Tab"}
                
            </div>
        </div>
    
        <div class="step success">
            <strong>Step 116: I press keys "Hello World"</strong>
            <div class="step-details">
                <span class="duration">33ms</span>
                ✅ PASSED
                <br>Data: {"pressedKeys":"Hello World"}
                
            </div>
        </div>
    
        <div class="step success">
            <strong>Step 117: I press key "Enter"</strong>
            <div class="step-details">
                <span class="duration">17ms</span>
                ✅ PASSED
                <br>Data: {"pressedKey":"Enter"}
                
            </div>
        </div>
    
        <div class="step failure">
            <strong>Step 118: keyboard operations should work correctly</strong>
            <div class="step-details">
                <span class="duration">0ms</span>
                ❌ FAILED
                
                <br><span class="error">Error: keyboard operations should work correctly - Unknown action: verifyKeyboardOps</span>
            </div>
        </div>
    
        <div class="step success">
            <strong>Step 119: I open "file:///c:/_Runix/tests/fixtures/comprehensive-test-page.html"</strong>
            <div class="step-details">
                <span class="duration">24ms</span>
                ✅ PASSED
                <br>Data: {"url":"file:///c:/_Runix/tests/fixtures/comprehensive-test-page.html"}
                
            </div>
        </div>
    
        <div class="step success">
            <strong>Step 120: I perform 10 rapid clicks on "#rapid-click-target"</strong>
            <div class="step-details">
                <span class="duration">787ms</span>
                ✅ PASSED
                <br>Data: {"rapidClicks":10,"selector":"#rapid-click-target"}
                
            </div>
        </div>
    
        <div class="step failure">
            <strong>Step 121: I perform 5 rapid navigation operations</strong>
            <div class="step-details">
                <span class="duration">0ms</span>
                ❌ FAILED
                
                <br><span class="error">Error: I perform 5 rapid navigation operations - Unknown action: rapidNavigation</span>
            </div>
        </div>
    
        <div class="step failure">
            <strong>Step 122: I take multiple screenshots</strong>
            <div class="step-details">
                <span class="duration">0ms</span>
                ❌ FAILED
                
                <br><span class="error">Error: I take multiple screenshots - Unknown action: takeMultipleScreenshots</span>
            </div>
        </div>
    
        <div class="step failure">
            <strong>Step 123: performance should be acceptable</strong>
            <div class="step-details">
                <span class="duration">0ms</span>
                ❌ FAILED
                
                <br><span class="error">Error: performance should be acceptable - Unknown action: verifyPerformance</span>
            </div>
        </div>
    
        <div class="step success">
            <strong>Step 124: I open "file:///c:/_Runix/tests/fixtures/comprehensive-test-page.html"</strong>
            <div class="step-details">
                <span class="duration">31ms</span>
                ✅ PASSED
                <br>Data: {"url":"file:///c:/_Runix/tests/fixtures/comprehensive-test-page.html"}
                
            </div>
        </div>
    
        <div class="step success">
            <strong>Step 125: I try to interact with non-existent element "#non-existent-selector"</strong>
            <div class="step-details">
                <span class="duration">30005ms</span>
                ✅ PASSED
                <br>Data: {"nonExistentTest":"failed as expected","error":"page.click: Timeout 30000ms exceeded.\nCall log:\n\u001b[2m  - waiting for locator('#non-existent-selector')\u001b[22m\n"}
                
            </div>
        </div>
    
        <div class="step failure">
            <strong>Step 126: I should get appropriate error message</strong>
            <div class="step-details">
                <span class="duration">0ms</span>
                ❌ FAILED
                
                <br><span class="error">Error: I should get appropriate error message - Unknown action: verifyErrorMessage</span>
            </div>
        </div>
    
        <div class="step success">
            <strong>Step 127: I open "file:///c:/_Runix/tests/fixtures/comprehensive-test-page.html"</strong>
            <div class="step-details">
                <span class="duration">28ms</span>
                ✅ PASSED
                <br>Data: {"url":"file:///c:/_Runix/tests/fixtures/comprehensive-test-page.html"}
                
            </div>
        </div>
    
        <div class="step failure">
            <strong>Step 128: I should get CSS property "color" from "#red-text"</strong>
            <div class="step-details">
                <span class="duration">0ms</span>
                ❌ FAILED
                
                <br><span class="error">Error: I should get CSS property "color" from "#red-text" - Action failed: Too many arguments. If you need to pass more than 1 argument to the function wrap them in an object.</span>
            </div>
        </div>
    
        <div class="step success">
            <strong>Step 129: I open "file:///c:/_Runix/tests/fixtures/comprehensive-test-page.html"</strong>
            <div class="step-details">
                <span class="duration">25ms</span>
                ✅ PASSED
                <br>Data: {"url":"file:///c:/_Runix/tests/fixtures/comprehensive-test-page.html"}
                
            </div>
        </div>
    
        <div class="step success">
            <strong>Step 130: I type "test@example.com" into "#customer-email"</strong>
            <div class="step-details">
                <span class="duration">16ms</span>
                ✅ PASSED
                <br>Data: {"typed":"test@example.com","selector":"#customer-email"}
                
            </div>
        </div>
    
        <div class="step success">
            <strong>Step 131: I select "large" from "#size-select"</strong>
            <div class="step-details">
                <span class="duration">8ms</span>
                ✅ PASSED
                <br>Data: {"selected":"large","selector":"#size-select"}
                
            </div>
        </div>
    
        <div class="step success">
            <strong>Step 132: I check the checkbox "#topping-pepperoni"</strong>
            <div class="step-details">
                <span class="duration">19ms</span>
                ✅ PASSED
                <br>Data: {"checked":"#topping-pepperoni"}
                
            </div>
        </div>
    
        <div class="step success">
            <strong>Step 133: I click on "#delivery-home"</strong>
            <div class="step-details">
                <span class="duration">16ms</span>
                ✅ PASSED
                <br>Data: {"clicked":"#delivery-home"}
                
            </div>
        </div>
    
        <div class="step success">
            <strong>Step 134: I type "Special delivery instructions" into "#comments"</strong>
            <div class="step-details">
                <span class="duration">10ms</span>
                ✅ PASSED
                <br>Data: {"typed":"Special delivery instructions","selector":"#comments"}
                
            </div>
        </div>
    
        <div class="step success">
            <strong>Step 135: I click on "#submit-btn"</strong>
            <div class="step-details">
                <span class="duration">28ms</span>
                ✅ PASSED
                <br>Data: {"clicked":"#submit-btn"}
                
            </div>
        </div>
    
        <div class="step failure">
            <strong>Step 136: the form should validate correctly</strong>
            <div class="step-details">
                <span class="duration">0ms</span>
                ❌ FAILED
                
                <br><span class="error">Error: the form should validate correctly - Action failed: page.evaluate: SyntaxError: Illegal return statement
    at eval (<anonymous>)
    at UtilityScript.evaluate (<anonymous>:313:29)
    at UtilityScript.<anonymous> (<anonymous>:1:44)</span>
            </div>
        </div>
    
        <div class="step success">
            <strong>Step 137: I open "file:///c:/_Runix/tests/fixtures/comprehensive-test-page.html"</strong>
            <div class="step-details">
                <span class="duration">27ms</span>
                ✅ PASSED
                <br>Data: {"url":"file:///c:/_Runix/tests/fixtures/comprehensive-test-page.html"}
                
            </div>
        </div>
    
        <div class="step success">
            <strong>Step 138: element "#dynamic-element" should be hidden</strong>
            <div class="step-details">
                <span class="duration">11ms</span>
                ✅ PASSED
                <br>Data: {"hidden":true,"selector":"#dynamic-element"}
                
            </div>
        </div>
    
        <div class="step success">
            <strong>Step 139: I click on "#show-element"</strong>
            <div class="step-details">
                <span class="duration">23ms</span>
                ✅ PASSED
                <br>Data: {"clicked":"#show-element"}
                
            </div>
        </div>
    
        <div class="step success">
            <strong>Step 140: element "#dynamic-element" should be visible</strong>
            <div class="step-details">
                <span class="duration">4ms</span>
                ✅ PASSED
                <br>Data: {"visible":true,"selector":"#dynamic-element"}
                
            </div>
        </div>
    
        <div class="step success">
            <strong>Step 141: I click on "#hide-element"</strong>
            <div class="step-details">
                <span class="duration">14ms</span>
                ✅ PASSED
                <br>Data: {"clicked":"#hide-element"}
                
            </div>
        </div>
    
        <div class="step success">
            <strong>Step 142: element "#dynamic-element" should be hidden</strong>
            <div class="step-details">
                <span class="duration">4ms</span>
                ✅ PASSED
                <br>Data: {"hidden":true,"selector":"#dynamic-element"}
                
            </div>
        </div>
    
        <div class="step success">
            <strong>Step 143: I open "file:///c:/_Runix/tests/fixtures/comprehensive-test-page.html"</strong>
            <div class="step-details">
                <span class="duration">26ms</span>
                ✅ PASSED
                <br>Data: {"url":"file:///c:/_Runix/tests/fixtures/comprehensive-test-page.html"}
                
            </div>
        </div>
    
        <div class="step success">
            <strong>Step 144: I click on "#customer-name"</strong>
            <div class="step-details">
                <span class="duration">26ms</span>
                ✅ PASSED
                <br>Data: {"clicked":"#customer-name"}
                
            </div>
        </div>
    
        <div class="step success">
            <strong>Step 145: I type "Multi Test User" into "#customer-name"</strong>
            <div class="step-details">
                <span class="duration">8ms</span>
                ✅ PASSED
                <br>Data: {"typed":"Multi Test User","selector":"#customer-name"}
                
            </div>
        </div>
    
        <div class="step success">
            <strong>Step 146: I press key "Tab"</strong>
            <div class="step-details">
                <span class="duration">5ms</span>
                ✅ PASSED
                <br>Data: {"pressedKey":"Tab"}
                
            </div>
        </div>
    
        <div class="step success">
            <strong>Step 147: I type "multi@test.com" into "#customer-email"</strong>
            <div class="step-details">
                <span class="duration">9ms</span>
                ✅ PASSED
                <br>Data: {"typed":"multi@test.com","selector":"#customer-email"}
                
            </div>
        </div>
    
        <div class="step success">
            <strong>Step 148: I press key "Tab"</strong>
            <div class="step-details">
                <span class="duration">5ms</span>
                ✅ PASSED
                <br>Data: {"pressedKey":"Tab"}
                
            </div>
        </div>
    
        <div class="step success">
            <strong>Step 149: I type "555-MULTI" into "#customer-phone"</strong>
            <div class="step-details">
                <span class="duration">9ms</span>
                ✅ PASSED
                <br>Data: {"typed":"555-MULTI","selector":"#customer-phone"}
                
            </div>
        </div>
    
        <div class="step failure">
            <strong>Step 150: all form fields should contain the correct values</strong>
            <div class="step-details">
                <span class="duration">0ms</span>
                ❌ FAILED
                
                <br><span class="error">Error: all form fields should contain the correct values - Action failed: page.evaluate: SyntaxError: Illegal return statement
    at eval (<anonymous>)
    at UtilityScript.evaluate (<anonymous>:313:29)
    at UtilityScript.<anonymous> (<anonymous>:1:44)</span>
            </div>
        </div>
    
</body>
</html>